/*
2016-04-10 14:35:28.554 WITA
No database selected*/

INSERT INTO m_polres(polres_id,
                     polres_nama,
                     polres_kode,
                     polda_id)
     VALUES (1,
             'POLRESTA BANDA ACEH',
             1,
             1);

/*
2016-04-10 14:35:35.991 WITA
No database selected*/

INSERT INTO m_polres(polres_id,
                     polres_nama,
                     polres_kode,
                     polda_id)
     VALUES (3,
             'POLRESTA LHOKSEUMAWE',
             3,
             1);

/*
2016-04-10 14:35:35.996 WITA
No database selected*/

INSERT INTO m_polres(polres_id,
                     polres_nama,
                     polres_kode,
                     polda_id)
     VALUES (5,
             'ACEH BARAT',
             5,
             1);

/*
2016-04-10 14:35:36.002 WITA
No database selected*/

INSERT INTO m_polres(polres_id,
                     polres_nama,
                     polres_kode,
                     polda_id)
     VALUES (7,
             'ACEH TENGAH',
             7,
             1);

/*
2016-04-10 14:35:36.008 WITA
No database selected*/

INSERT INTO m_polres(polres_id,
                     polres_nama,
                     polres_kode,
                     polda_id)
     VALUES (9,
             'SABANG',
             9,
             1);

/*
2016-04-10 14:35:36.014 WITA
No database selected*/

INSERT INTO m_polres(polres_id,
                     polres_nama,
                     polres_kode,
                     polda_id)
     VALUES (11,
             'ACEH BESAR',
             11,
             1);

/*
2016-04-10 14:35:36.019 WITA
No database selected*/

INSERT INTO m_polres(polres_id,
                     polres_nama,
                     polres_kode,
                     polda_id)
     VALUES (13,
             'ACEH TAMIANG',
             13,
             1);

/*
2016-04-10 14:35:36.025 WITA
No database selected*/

INSERT INTO m_polres(polres_id,
                     polres_nama,
                     polres_kode,
                     polda_id)
     VALUES (15,
             'ACEH BARAT DAYA',
             15,
             1);

/*
2016-04-10 14:35:36.030 WITA
No database selected*/

INSERT INTO m_polres(polres_id,
                     polres_nama,
                     polres_kode,
                     polda_id)
     VALUES (17,
             'MEDAN',
             1,
             2);

/*
2016-04-10 14:35:36.034 WITA
No database selected*/

INSERT INTO m_polres(polres_id,
                     polres_nama,
                     polres_kode,
                     polda_id)
     VALUES (19,
             'POLRESTA BINJAI',
             3,
             2);

/*
2016-04-10 14:35:36.040 WITA
No database selected*/

INSERT INTO m_polres(polres_id,
                     polres_nama,
                     polres_kode,
                     polda_id)
     VALUES (21,
             'SIMALUNGUN',
             5,
             2);

/*
2016-04-10 14:35:36.045 WITA
No database selected*/

INSERT INTO m_polres(polres_id,
                     polres_nama,
                     polres_kode,
                     polda_id)
     VALUES (23,
             'LABUAN BATU',
             7,
             2);

/*
2016-04-10 14:35:36.051 WITA
No database selected*/

INSERT INTO m_polres(polres_id,
                     polres_nama,
                     polres_kode,
                     polda_id)
     VALUES (25,
             'DAIRI',
             9,
             2);

/*
2016-04-10 14:35:36.058 WITA
No database selected*/

INSERT INTO m_polres(polres_id,
                     polres_nama,
                     polres_kode,
                     polda_id)
     VALUES (27,
             'TAPANULI TENGAH',
             11,
             2);

/*
2016-04-10 14:35:36.063 WITA
No database selected*/

INSERT INTO m_polres(polres_id,
                     polres_nama,
                     polres_kode,
                     polda_id)
     VALUES (29,
             'MADINA',
             13,
             2);

/*
2016-04-10 14:35:36.069 WITA
No database selected*/

INSERT INTO m_polres(polres_id,
                     polres_nama,
                     polres_kode,
                     polda_id)
     VALUES (31,
             'LANGKAT',
             15,
             2);

/*
2016-04-10 14:35:36.075 WITA
No database selected*/

INSERT INTO m_polres(polres_id,
                     polres_nama,
                     polres_kode,
                     polda_id)
     VALUES (33,
             'PESISIR SELATAN',
             2,
             3);

/*
2016-04-10 14:35:36.080 WITA
No database selected*/

INSERT INTO m_polres(polres_id,
                     polres_nama,
                     polres_kode,
                     polda_id)
     VALUES (35,
             'PAYAKUMBUH',
             4,
             3);

/*
2016-04-10 14:35:36.085 WITA
No database selected*/

INSERT INTO m_polres(polres_id,
                     polres_nama,
                     polres_kode,
                     polda_id)
     VALUES (37,
             'PADANG PARIAMAN',
             6,
             3);

/*
2016-04-10 14:35:36.090 WITA
No database selected*/

INSERT INTO m_polres(polres_id,
                     polres_nama,
                     polres_kode,
                     polda_id)
     VALUES (39,
             'SIJUNJUNG',
             8,
             3);

/*
2016-04-10 14:35:36.095 WITA
No database selected*/

INSERT INTO m_polres(polres_id,
                     polres_nama,
                     polres_kode,
                     polda_id)
     VALUES (41,
             'AGAM',
             10,
             3);

/*
2016-04-10 14:35:36.101 WITA
No database selected*/

INSERT INTO m_polres(polres_id,
                     polres_nama,
                     polres_kode,
                     polda_id)
     VALUES (43,
             'LIMA PULUH KOTA',
             12,
             3);

/*
2016-04-10 14:35:36.107 WITA
No database selected*/

INSERT INTO m_polres(polres_id,
                     polres_nama,
                     polres_kode,
                     polda_id)
     VALUES (45,
             'INDRAGIRI HULU',
             2,
             4);

/*
2016-04-10 14:35:36.113 WITA
No database selected*/

INSERT INTO m_polres(polres_id,
                     polres_nama,
                     polres_kode,
                     polda_id)
     VALUES (47,
             'KAMPAR',
             4,
             4);

/*
2016-04-10 14:35:36.118 WITA
No database selected*/

INSERT INTO m_polres(polres_id,
                     polres_nama,
                     polres_kode,
                     polda_id)
     VALUES (49,
             'POLTABES PELALAWAN',
             6,
             4);

/*
2016-04-10 14:35:36.124 WITA
No database selected*/

INSERT INTO m_polres(polres_id,
                     polres_nama,
                     polres_kode,
                     polda_id)
     VALUES (51,
             'ROKAN HILIR',
             8,
             4);

/*
2016-04-10 14:35:36.130 WITA
No database selected*/

INSERT INTO m_polres(polres_id,
                     polres_nama,
                     polres_kode,
                     polda_id)
     VALUES (53,
             'ROKAN HULU',
             10,
             4);

/*
2016-04-10 14:35:36.138 WITA
No database selected*/

INSERT INTO m_polres(polres_id,
                     polres_nama,
                     polres_kode,
                     polda_id)
     VALUES (55,
             'POLTABES PONTIANAK',
             1,
             5);

/*
2016-04-10 14:35:36.144 WITA
No database selected*/

INSERT INTO m_polres(polres_id,
                     polres_nama,
                     polres_kode,
                     polda_id)
     VALUES (57,
             'SAMBAS',
             3,
             5);

/*
2016-04-10 14:35:36.149 WITA
No database selected*/

INSERT INTO m_polres(polres_id,
                     polres_nama,
                     polres_kode,
                     polda_id)
     VALUES (59,
             'SINTANG',
             5,
             5);

/*
2016-04-10 14:35:36.156 WITA
No database selected*/

INSERT INTO m_polres(polres_id,
                     polres_nama,
                     polres_kode,
                     polda_id)
     VALUES (61,
             'KETAPANG',
             7,
             5);

/*
2016-04-10 14:35:36.165 WITA
No database selected*/

INSERT INTO m_polres(polres_id,
                     polres_nama,
                     polres_kode,
                     polda_id)
     VALUES (63,
             'BENGKAYANG',
             9,
             5);

/*
2016-04-10 14:35:36.174 WITA
No database selected*/

INSERT INTO m_polres(polres_id,
                     polres_nama,
                     polres_kode,
                     polda_id)
     VALUES (65,
             'SEKADAU',
             11,
             5);

/*
2016-04-10 14:35:36.180 WITA
No database selected*/

INSERT INTO m_polres(polres_id,
                     polres_nama,
                     polres_kode,
                     polda_id)
     VALUES (67,
             'POLTABES PALEMBANG',
             1,
             6);

/*
2016-04-10 14:35:36.186 WITA
No database selected*/

INSERT INTO m_polres(polres_id,
                     polres_nama,
                     polres_kode,
                     polda_id)
     VALUES (69,
             'OKI',
             3,
             6);

/*
2016-04-10 14:35:36.191 WITA
No database selected*/

INSERT INTO m_polres(polres_id,
                     polres_nama,
                     polres_kode,
                     polda_id)
     VALUES (71,
             'LAHT',
             5,
             6);

/*
2016-04-10 14:35:36.196 WITA
No database selected*/

INSERT INTO m_polres(polres_id,
                     polres_nama,
                     polres_kode,
                     polda_id)
     VALUES (73,
             'LUBUK LINGGAU',
             7,
             6);

/*
2016-04-10 14:35:36.202 WITA
No database selected*/

INSERT INTO m_polres(polres_id,
                     polres_nama,
                     polres_kode,
                     polda_id)
     VALUES (75,
             'PRABUMULIH',
             9,
             6);

/*
2016-04-10 14:35:36.207 WITA
No database selected*/

INSERT INTO m_polres(polres_id,
                     polres_nama,
                     polres_kode,
                     polda_id)
     VALUES (77,
             'OGAN ILIR',
             11,
             6);

/*
2016-04-10 14:35:36.214 WITA
No database selected*/

INSERT INTO m_polres(polres_id,
                     polres_nama,
                     polres_kode,
                     polda_id)
     VALUES (79,
             'OKU SELATAN',
             13,
             6);

/*
2016-04-10 14:35:36.220 WITA
No database selected*/

INSERT INTO m_polres(polres_id,
                     polres_nama,
                     polres_kode,
                     polda_id)
     VALUES (81,
             'POLTABES BANDAR LAMPUNG',
             1,
             7);

/*
2016-04-10 14:35:36.225 WITA
No database selected*/

INSERT INTO m_polres(polres_id,
                     polres_nama,
                     polres_kode,
                     polda_id)
     VALUES (83,
             'LAMPUNG TENGAH',
             3,
             7);

/*
2016-04-10 14:35:36.230 WITA
No database selected*/

INSERT INTO m_polres(polres_id,
                     polres_nama,
                     polres_kode,
                     polda_id)
     VALUES (85,
             'LAMPUNG BARAT',
             5,
             7);

/*
2016-04-10 14:35:36.234 WITA
No database selected*/

INSERT INTO m_polres(polres_id,
                     polres_nama,
                     polres_kode,
                     polda_id)
     VALUES (87,
             'TULANG BAWANG',
             7,
             7);

/*
2016-04-10 14:35:36.239 WITA
No database selected*/

INSERT INTO m_polres(polres_id,
                     polres_nama,
                     polres_kode,
                     polda_id)
     VALUES (89,
             'LAMPUNG TIMUR',
             9,
             7);

/*
2016-04-10 14:35:36.244 WITA
No database selected*/

INSERT INTO m_polres(polres_id,
                     polres_nama,
                     polres_kode,
                     polda_id)
     VALUES (91,
             'POLRESTA BENGKULU',
             1,
             8);

/*
2016-04-10 14:35:36.251 WITA
No database selected*/

INSERT INTO m_polres(polres_id,
                     polres_nama,
                     polres_kode,
                     polda_id)
     VALUES (93,
             'REJANG LEBONG',
             3,
             8);

/*
2016-04-10 14:35:36.257 WITA
No database selected*/

INSERT INTO m_polres(polres_id,
                     polres_nama,
                     polres_kode,
                     polda_id)
     VALUES (95,
             'MUKO MUKO',
             5,
             8);

/*
2016-04-10 14:35:36.262 WITA
No database selected*/

INSERT INTO m_polres(polres_id,
                     polres_nama,
                     polres_kode,
                     polda_id)
     VALUES (97,
             'POLTABES JAMBI',
             1,
             9);

/*
2016-04-10 14:35:36.267 WITA
No database selected*/

INSERT INTO m_polres(polres_id,
                     polres_nama,
                     polres_kode,
                     polda_id)
     VALUES (99,
             'BUNGO',
             3,
             9);

/*
2016-04-10 14:35:36.273 WITA
No database selected*/

INSERT INTO m_polres(polres_id,
                     polres_nama,
                     polres_kode,
                     polda_id)
     VALUES (101,
             'TANJUNG JUBANG BARAT',
             5,
             9);

/*
2016-04-10 14:35:36.482 WITA
No database selected*/

INSERT INTO m_polres(polres_id,
                     polres_nama,
                     polres_kode,
                     polda_id)
     VALUES (103,
             'SAROLANGUN',
             7,
             9);

/*
2016-04-10 14:35:36.487 WITA
No database selected*/

INSERT INTO m_polres(polres_id,
                     polres_nama,
                     polres_kode,
                     polda_id)
     VALUES (105,
             'TANJAB TIMUR',
             9,
             9);

/*
2016-04-10 14:35:36.491 WITA
No database selected*/

INSERT INTO m_polres(polres_id,
                     polres_nama,
                     polres_kode,
                     polda_id)
     VALUES (107,
             'POLDA METRO JAYA',
             1,
             10);

/*
2016-04-10 14:35:36.495 WITA
No database selected*/

INSERT INTO m_polres(polres_id,
                     polres_nama,
                     polres_kode,
                     polda_id)
     VALUES (109,
             'POLRES METRO JAKARTA SELATAN',
             3,
             10);

/*
2016-04-10 14:35:36.500 WITA
No database selected*/

INSERT INTO m_polres(polres_id,
                     polres_nama,
                     polres_kode,
                     polda_id)
     VALUES (111,
             'POLRES METRO JAKARTA UTARA',
             5,
             10);

/*
2016-04-10 14:35:36.505 WITA
No database selected*/

INSERT INTO m_polres(polres_id,
                     polres_nama,
                     polres_kode,
                     polda_id)
     VALUES (113,
             'POLRES BEKASI',
             7,
             10);

/*
2016-04-10 14:35:36.510 WITA
No database selected*/

INSERT INTO m_polres(polres_id,
                     polres_nama,
                     polres_kode,
                     polda_id)
     VALUES (115,
             'POLRES BEKASI KABUPATEN',
             9,
             10);

/*
2016-04-10 14:35:36.514 WITA
No database selected*/

INSERT INTO m_polres(polres_id,
                     polres_nama,
                     polres_kode,
                     polda_id)
     VALUES (117,
             'POLRES KP3 TANJUNG PRIOK',
             11,
             10);

/*
2016-04-10 14:35:36.519 WITA
No database selected*/

INSERT INTO m_polres(polres_id,
                     polres_nama,
                     polres_kode,
                     polda_id)
     VALUES (119,
             'POLWILTABES BANDUNG',
             1,
             11);

/*
2016-04-10 14:35:36.524 WITA
No database selected*/

INSERT INTO m_polres(polres_id,
                     polres_nama,
                     polres_kode,
                     polda_id)
     VALUES (121,
             'POLRESTA BANDUNG TENGAH',
             3,
             11);

/*
2016-04-10 14:35:36.528 WITA
No database selected*/

INSERT INTO m_polres(polres_id,
                     polres_nama,
                     polres_kode,
                     polda_id)
     VALUES (123,
             'POLRESTA BOGOR',
             5,
             11);

/*
2016-04-10 14:35:36.533 WITA
No database selected*/

INSERT INTO m_polres(polres_id,
                     polres_nama,
                     polres_kode,
                     polda_id)
     VALUES (125,
             'POLRESTA SUKABUMI',
             7,
             11);

/*
2016-04-10 14:35:36.538 WITA
No database selected*/

INSERT INTO m_polres(polres_id,
                     polres_nama,
                     polres_kode,
                     polda_id)
     VALUES (127,
             'CIANJUR',
             9,
             11);

/*
2016-04-10 14:35:36.542 WITA
No database selected*/

INSERT INTO m_polres(polres_id,
                     polres_nama,
                     polres_kode,
                     polda_id)
     VALUES (129,
             'KARAWANG',
             11,
             11);

/*
2016-04-10 14:35:36.546 WITA
No database selected*/

INSERT INTO m_polres(polres_id,
                     polres_nama,
                     polres_kode,
                     polda_id)
     VALUES (131,
             'POLRESTA CIMAHI',
             13,
             11);

/*
2016-04-10 14:35:36.551 WITA
No database selected*/

INSERT INTO m_polres(polres_id,
                     polres_nama,
                     polres_kode,
                     polda_id)
     VALUES (133,
             'SUMEDANG',
             15,
             11);

/*
2016-04-10 14:35:36.556 WITA
No database selected*/

INSERT INTO m_polres(polres_id,
                     polres_nama,
                     polres_kode,
                     polda_id)
     VALUES (135,
             'POLRESTA TASIKMALAYA',
             17,
             11);

/*
2016-04-10 14:35:36.560 WITA
No database selected*/

INSERT INTO m_polres(polres_id,
                     polres_nama,
                     polres_kode,
                     polda_id)
     VALUES (137,
             'CIAMIS',
             19,
             11);

/*
2016-04-10 14:35:36.564 WITA
No database selected*/

INSERT INTO m_polres(polres_id,
                     polres_nama,
                     polres_kode,
                     polda_id)
     VALUES (139,
             'POLRESTA CIREBON',
             21,
             11);

/*
2016-04-10 14:35:36.568 WITA
No database selected*/

INSERT INTO m_polres(polres_id,
                     polres_nama,
                     polres_kode,
                     polda_id)
     VALUES (141,
             'INDRAMAYU',
             23,
             11);

/*
2016-04-10 14:35:36.573 WITA
No database selected*/

INSERT INTO m_polres(polres_id,
                     polres_nama,
                     polres_kode,
                     polda_id)
     VALUES (143,
             'KUNINGAN',
             25,
             11);

/*
2016-04-10 14:35:36.577 WITA
No database selected*/

INSERT INTO m_polres(polres_id,
                     polres_nama,
                     polres_kode,
                     polda_id)
     VALUES (145,
             'CILACAP',
             2,
             12);

/*
2016-04-10 14:35:36.582 WITA
No database selected*/

INSERT INTO m_polres(polres_id,
                     polres_nama,
                     polres_kode,
                     polda_id)
     VALUES (147,
             'BANJARNEGARA',
             4,
             12);

/*
2016-04-10 14:35:36.587 WITA
No database selected*/

INSERT INTO m_polres(polres_id,
                     polres_nama,
                     polres_kode,
                     polda_id)
     VALUES (149,
             'BATANG',
             6,
             12);

/*
2016-04-10 14:35:36.592 WITA
No database selected*/

INSERT INTO m_polres(polres_id,
                     polres_nama,
                     polres_kode,
                     polda_id)
     VALUES (151,
             'POLRESTA TEGAL',
             8,
             12);

/*
2016-04-10 14:35:36.596 WITA
No database selected*/

INSERT INTO m_polres(polres_id,
                     polres_nama,
                     polres_kode,
                     polda_id)
     VALUES (153,
             'BREBES',
             10,
             12);

/*
2016-04-10 14:35:36.600 WITA
No database selected*/

INSERT INTO m_polres(polres_id,
                     polres_nama,
                     polres_kode,
                     polda_id)
     VALUES (155,
             'GROBOGAN',
             12,
             12);

/*
2016-04-10 14:35:36.605 WITA
No database selected*/

INSERT INTO m_polres(polres_id,
                     polres_nama,
                     polres_kode,
                     polda_id)
     VALUES (157,
             'KUDUS',
             14,
             12);

/*
2016-04-10 14:35:36.610 WITA
No database selected*/

INSERT INTO m_polres(polres_id,
                     polres_nama,
                     polres_kode,
                     polda_id)
     VALUES (159,
             'REMBANG',
             16,
             12);

/*
2016-04-10 14:35:36.614 WITA
No database selected*/

INSERT INTO m_polres(polres_id,
                     polres_nama,
                     polres_kode,
                     polda_id)
     VALUES (161,
             'POLTABES SURAKARTA',
             18,
             12);

/*
2016-04-10 14:35:36.618 WITA
No database selected*/

INSERT INTO m_polres(polres_id,
                     polres_nama,
                     polres_kode,
                     polda_id)
     VALUES (163,
             'KLATEN',
             20,
             12);

/*
2016-04-10 14:35:36.623 WITA
No database selected*/

INSERT INTO m_polres(polres_id,
                     polres_nama,
                     polres_kode,
                     polda_id)
     VALUES (165,
             'SRAGEN',
             22,
             12);

/*
2016-04-10 14:35:36.628 WITA
No database selected*/

INSERT INTO m_polres(polres_id,
                     polres_nama,
                     polres_kode,
                     polda_id)
     VALUES (167,
             'POLRES WONOGIRI',
             24,
             12);

/*
2016-04-10 14:35:36.632 WITA
No database selected*/

INSERT INTO m_polres(polres_id,
                     polres_nama,
                     polres_kode,
                     polda_id)
     VALUES (169,
             'MAGELANG',
             26,
             12);

/*
2016-04-10 14:35:36.637 WITA
No database selected*/

INSERT INTO m_polres(polres_id,
                     polres_nama,
                     polres_kode,
                     polda_id)
     VALUES (171,
             'KEBUMEN',
             28,
             12);

/*
2016-04-10 14:35:36.642 WITA
No database selected*/

INSERT INTO m_polres(polres_id,
                     polres_nama,
                     polres_kode,
                     polda_id)
     VALUES (173,
             'POLRES WONOSOBO',
             30,
             12);

/*
2016-04-10 14:35:36.646 WITA
No database selected*/

INSERT INTO m_polres(polres_id,
                     polres_nama,
                     polres_kode,
                     polda_id)
     VALUES (175,
             'POLRES SALATIGA',
             32,
             12);

/*
2016-04-10 14:35:36.650 WITA
No database selected*/

INSERT INTO m_polres(polres_id,
                     polres_nama,
                     polres_kode,
                     polda_id)
     VALUES (177,
             'POLRES DEMAK',
             34,
             12);

/*
2016-04-10 14:35:36.655 WITA
No database selected*/

INSERT INTO m_polres(polres_id,
                     polres_nama,
                     polres_kode,
                     polda_id)
     VALUES (179,
             'POLRES SEMARANG SELATAN',
             36,
             12);

/*
2016-04-10 14:35:36.660 WITA
No database selected*/

INSERT INTO m_polres(polres_id,
                     polres_nama,
                     polres_kode,
                     polda_id)
     VALUES (181,
             'POLRES SEMARANG BARAT',
             38,
             12);

/*
2016-04-10 14:35:36.664 WITA
No database selected*/

INSERT INTO m_polres(polres_id,
                     polres_nama,
                     polres_kode,
                     polda_id)
     VALUES (183,
             'POLRES BANTUL',
             2,
             13);

/*
2016-04-10 14:35:36.668 WITA
No database selected*/

INSERT INTO m_polres(polres_id,
                     polres_nama,
                     polres_kode,
                     polda_id)
     VALUES (185,
             'POLRES GUNUNG KIDUL',
             4,
             13);

/*
2016-04-10 14:35:36.673 WITA
No database selected*/

INSERT INTO m_polres(polres_id,
                     polres_nama,
                     polres_kode,
                     polda_id)
     VALUES (187,
             'POLWILTABES SURABAYA',
             1,
             14);

/*
2016-04-10 14:35:36.677 WITA
No database selected*/

INSERT INTO m_polres(polres_id,
                     polres_nama,
                     polres_kode,
                     polda_id)
     VALUES (189,
             'POLRESTA MALNG',
             3,
             14);

/*
2016-04-10 14:35:36.681 WITA
No database selected*/

INSERT INTO m_polres(polres_id,
                     polres_nama,
                     polres_kode,
                     polda_id)
     VALUES (191,
             'POLRES BATU',
             5,
             14);

/*
2016-04-10 14:35:36.686 WITA
No database selected*/

INSERT INTO m_polres(polres_id,
                     polres_nama,
                     polres_kode,
                     polda_id)
     VALUES (193,
             'POLRES PROBOLINGGO',
             7,
             14);

/*
2016-04-10 14:35:36.690 WITA
No database selected*/

INSERT INTO m_polres(polres_id,
                     polres_nama,
                     polres_kode,
                     polda_id)
     VALUES (195,
             'POLRES PASURUAN',
             9,
             14);

/*
2016-04-10 14:35:36.695 WITA
No database selected*/

INSERT INTO m_polres(polres_id,
                     polres_nama,
                     polres_kode,
                     polda_id)
     VALUES (197,
             'POLRES BONDOWOSO',
             11,
             14);

/*
2016-04-10 14:35:36.699 WITA
No database selected*/

INSERT INTO m_polres(polres_id,
                     polres_nama,
                     polres_kode,
                     polda_id)
     VALUES (199,
             'POLRES JEMBER',
             13,
             14);

/*
2016-04-10 14:35:36.704 WITA
No database selected*/

INSERT INTO m_polres(polres_id,
                     polres_nama,
                     polres_kode,
                     polda_id)
     VALUES (201,
             'POLRESTA KEDIRI',
             15,
             14);

/*
2016-04-10 14:35:36.708 WITA
No database selected*/

INSERT INTO m_polres(polres_id,
                     polres_nama,
                     polres_kode,
                     polda_id)
     VALUES (203,
             'POLRESTA BLITAR',
             17,
             14);

/*
2016-04-10 14:35:36.713 WITA
No database selected*/

INSERT INTO m_polres(polres_id,
                     polres_nama,
                     polres_kode,
                     polda_id)
     VALUES (205,
             'POLRES TULUNGAGUNG',
             19,
             14);

/*
2016-04-10 14:35:36.718 WITA
No database selected*/

INSERT INTO m_polres(polres_id,
                     polres_nama,
                     polres_kode,
                     polda_id)
     VALUES (207,
             'POLRES TRENGGALEK',
             21,
             14);

/*
2016-04-10 14:35:36.722 WITA
No database selected*/

INSERT INTO m_polres(polres_id,
                     polres_nama,
                     polres_kode,
                     polda_id)
     VALUES (209,
             'POLRES MADIUN',
             23,
             14);

/*
2016-04-10 14:35:36.726 WITA
No database selected*/

INSERT INTO m_polres(polres_id,
                     polres_nama,
                     polres_kode,
                     polda_id)
     VALUES (211,
             'POLRES MAGETAN',
             25,
             14);

/*
2016-04-10 14:35:36.730 WITA
No database selected*/

INSERT INTO m_polres(polres_id,
                     polres_nama,
                     polres_kode,
                     polda_id)
     VALUES (213,
             'POLRES PACITAN',
             27,
             14);

/*
2016-04-10 14:35:36.735 WITA
No database selected*/

INSERT INTO m_polres(polres_id,
                     polres_nama,
                     polres_kode,
                     polda_id)
     VALUES (215,
             'POLRES TUBAN',
             29,
             14);

/*
2016-04-10 14:35:36.739 WITA
No database selected*/

INSERT INTO m_polres(polres_id,
                     polres_nama,
                     polres_kode,
                     polda_id)
     VALUES (217,
             'POLRESTA MOJOKERTO',
             31,
             14);

/*
2016-04-10 14:35:36.744 WITA
No database selected*/

INSERT INTO m_polres(polres_id,
                     polres_nama,
                     polres_kode,
                     polda_id)
     VALUES (219,
             'POLRES JOMBANG',
             33,
             14);

/*
2016-04-10 14:35:36.749 WITA
No database selected*/

INSERT INTO m_polres(polres_id,
                     polres_nama,
                     polres_kode,
                     polda_id)
     VALUES (221,
             'POLRES BANGKALAN',
             35,
             14);

/*
2016-04-10 14:35:36.753 WITA
No database selected*/

INSERT INTO m_polres(polres_id,
                     polres_nama,
                     polres_kode,
                     polda_id)
     VALUES (223,
             'POLRES SUMENEP',
             37,
             14);

/*
2016-04-10 14:35:36.758 WITA
No database selected*/

INSERT INTO m_polres(polres_id,
                     polres_nama,
                     polres_kode,
                     polda_id)
     VALUES (225,
             'POLRES BULELENG',
             2,
             15);

/*
2016-04-10 14:35:36.762 WITA
No database selected*/

INSERT INTO m_polres(polres_id,
                     polres_nama,
                     polres_kode,
                     polda_id)
     VALUES (227,
             'POLRES GIANYAR',
             4,
             15);

/*
2016-04-10 14:35:36.767 WITA
No database selected*/

INSERT INTO m_polres(polres_id,
                     polres_nama,
                     polres_kode,
                     polda_id)
     VALUES (229,
             'POLRES BANGLI',
             6,
             15);

/*
2016-04-10 14:35:36.771 WITA
No database selected*/

INSERT INTO m_polres(polres_id,
                     polres_nama,
                     polres_kode,
                     polda_id)
     VALUES (231,
             'POLRES JEMBRANA',
             8,
             15);

/*
2016-04-10 14:35:36.775 WITA
No database selected*/

INSERT INTO m_polres(polres_id,
                     polres_nama,
                     polres_kode,
                     polda_id)
     VALUES (233,
             'POLRES MATARAM',
             1,
             16);

/*
2016-04-10 14:35:36.779 WITA
No database selected*/

INSERT INTO m_polres(polres_id,
                     polres_nama,
                     polres_kode,
                     polda_id)
     VALUES (235,
             'POLRES LOMBOK TIMUR',
             3,
             16);

/*
2016-04-10 14:35:36.784 WITA
No database selected*/

INSERT INTO m_polres(polres_id,
                     polres_nama,
                     polres_kode,
                     polda_id)
     VALUES (237,
             'POLRES DOMPU',
             5,
             16);

/*
2016-04-10 14:35:36.788 WITA
No database selected*/

INSERT INTO m_polres(polres_id,
                     polres_nama,
                     polres_kode,
                     polda_id)
     VALUES (239,
             'POLRES LOMBOK BARAT',
             7,
             16);

/*
2016-04-10 14:35:36.792 WITA
No database selected*/

INSERT INTO m_polres(polres_id,
                     polres_nama,
                     polres_kode,
                     polda_id)
     VALUES (241,
             'POLRES KUPANG KOTA',
             1,
             17);

/*
2016-04-10 14:35:36.797 WITA
No database selected*/

INSERT INTO m_polres(polres_id,
                     polres_nama,
                     polres_kode,
                     polda_id)
     VALUES (243,
             'POLRES TIMOR TENGAH UTARA',
             3,
             17);

/*
2016-04-10 14:35:36.801 WITA
No database selected*/

INSERT INTO m_polres(polres_id,
                     polres_nama,
                     polres_kode,
                     polda_id)
     VALUES (245,
             'POLRES SUMBA TIMUR',
             5,
             17);

/*
2016-04-10 14:35:36.805 WITA
No database selected*/

INSERT INTO m_polres(polres_id,
                     polres_nama,
                     polres_kode,
                     polda_id)
     VALUES (247,
             'POLRES ENDE',
             7,
             17);

/*
2016-04-10 14:35:36.810 WITA
No database selected*/

INSERT INTO m_polres(polres_id,
                     polres_nama,
                     polres_kode,
                     polda_id)
     VALUES (249,
             'POLRES FLORES TIMUR',
             9,
             17);

/*
2016-04-10 14:35:36.814 WITA
No database selected*/

INSERT INTO m_polres(polres_id,
                     polres_nama,
                     polres_kode,
                     polda_id)
     VALUES (251,
             'POLRES MANGGARAI',
             11,
             17);

/*
2016-04-10 14:35:36.818 WITA
No database selected*/

INSERT INTO m_polres(polres_id,
                     polres_nama,
                     polres_kode,
                     polda_id)
     VALUES (253,
             'POLRES KUPANG',
             13,
             17);

/*
2016-04-10 14:35:36.823 WITA
No database selected*/

INSERT INTO m_polres(polres_id,
                     polres_nama,
                     polres_kode,
                     polda_id)
     VALUES (255,
             'POLRES ROTE NDAO',
             15,
             17);

/*
2016-04-10 14:35:36.827 WITA
No database selected*/

INSERT INTO m_polres(polres_id,
                     polres_nama,
                     polres_kode,
                     polda_id)
     VALUES (257,
             'POLTABES BALIKPAPAN',
             1,
             18);

/*
2016-04-10 14:35:36.834 WITA
No database selected*/

INSERT INTO m_polres(polres_id,
                     polres_nama,
                     polres_kode,
                     polda_id)
     VALUES (259,
             'POLRES BULUNGAN',
             3,
             18);

/*
2016-04-10 14:35:36.838 WITA
No database selected*/

INSERT INTO m_polres(polres_id,
                     polres_nama,
                     polres_kode,
                     polda_id)
     VALUES (261,
             'POLRES KUTAI',
             5,
             18);

/*
2016-04-10 14:35:36.843 WITA
No database selected*/

INSERT INTO m_polres(polres_id,
                     polres_nama,
                     polres_kode,
                     polda_id)
     VALUES (263,
             'POLRES BONTANG',
             7,
             18);

/*
2016-04-10 14:35:36.847 WITA
No database selected*/

INSERT INTO m_polres(polres_id,
                     polres_nama,
                     polres_kode,
                     polda_id)
     VALUES (265,
             'POLRES NUNUKAN',
             9,
             18);

/*
2016-04-10 14:35:36.852 WITA
No database selected*/

INSERT INTO m_polres(polres_id,
                     polres_nama,
                     polres_kode,
                     polda_id)
     VALUES (267,
             'POLRES MILANU',
             11,
             18);

/*
2016-04-10 14:35:36.856 WITA
No database selected*/

INSERT INTO m_polres(polres_id,
                     polres_nama,
                     polres_kode,
                     polda_id)
     VALUES (269,
             'POLRES KUTAI BARAT',
             13,
             18);

/*
2016-04-10 14:35:36.860 WITA
No database selected*/

INSERT INTO m_polres(polres_id,
                     polres_nama,
                     polres_kode,
                     polda_id)
     VALUES (271,
             'POLRES BANJAR/MARTAPURA',
             2,
             19);

/*
2016-04-10 14:35:36.864 WITA
No database selected*/

INSERT INTO m_polres(polres_id,
                     polres_nama,
                     polres_kode,
                     polda_id)
     VALUES (273,
             'POLRES HULU SUNGAI TENGAH',
             4,
             19);

/*
2016-04-10 14:35:36.869 WITA
No database selected*/

INSERT INTO m_polres(polres_id,
                     polres_nama,
                     polres_kode,
                     polda_id)
     VALUES (275,
             'POLRES PULAU BARU',
             6,
             19);

/*
2016-04-10 14:35:36.874 WITA
No database selected*/

INSERT INTO m_polres(polres_id,
                     polres_nama,
                     polres_kode,
                     polda_id)
     VALUES (277,
             'POLRES TAPIN',
             8,
             19);

/*
2016-04-10 14:35:36.878 WITA
No database selected*/

INSERT INTO m_polres(polres_id,
                     polres_nama,
                     polres_kode,
                     polda_id)
     VALUES (279,
             'POLRES BARITO KUALA',
             10,
             19);

/*
2016-04-10 14:35:36.882 WITA
No database selected*/

INSERT INTO m_polres(polres_id,
                     polres_nama,
                     polres_kode,
                     polda_id)
     VALUES (281,
             'POLRESTA TANAH BAMBU',
             12,
             19);

/*
2016-04-10 14:35:36.887 WITA
No database selected*/

INSERT INTO m_polres(polres_id,
                     polres_nama,
                     polres_kode,
                     polda_id)
     VALUES (283,
             'POLRES PALANGKARAYA',
             1,
             20);

/*
2016-04-10 14:35:36.891 WITA
No database selected*/

INSERT INTO m_polres(polres_id,
                     polres_nama,
                     polres_kode,
                     polda_id)
     VALUES (285,
             'POLRES BARITO SELATAN',
             3,
             20);

/*
2016-04-10 14:35:36.897 WITA
No database selected*/

INSERT INTO m_polres(polres_id,
                     polres_nama,
                     polres_kode,
                     polda_id)
     VALUES (287,
             'POLRES KOTA WAR. TIMUR',
             5,
             20);

/*
2016-04-10 14:35:36.904 WITA
No database selected*/

INSERT INTO m_polres(polres_id,
                     polres_nama,
                     polres_kode,
                     polda_id)
     VALUES (289,
             'POLRES LAMANDAU',
             7,
             20);

/*
2016-04-10 14:35:36.909 WITA
No database selected*/

INSERT INTO m_polres(polres_id,
                     polres_nama,
                     polres_kode,
                     polda_id)
     VALUES (291,
             'POLRES MURUNG RAYA',
             9,
             20);

/*
2016-04-10 14:35:36.914 WITA
No database selected*/

INSERT INTO m_polres(polres_id,
                     polres_nama,
                     polres_kode,
                     polda_id)
     VALUES (293,
             'POLRES GOWA',
             2,
             21);

/*
2016-04-10 14:35:36.919 WITA
No database selected*/

INSERT INTO m_polres(polres_id,
                     polres_nama,
                     polres_kode,
                     polda_id)
     VALUES (295,
             'POLRES MAROS',
             4,
             21);

/*
2016-04-10 14:35:36.924 WITA
No database selected*/

INSERT INTO m_polres(polres_id,
                     polres_nama,
                     polres_kode,
                     polda_id)
     VALUES (297,
             'POLRES BANTAENG',
             6,
             21);

/*
2016-04-10 14:35:36.927 WITA
No database selected*/

INSERT INTO m_polres(polres_id,
                     polres_nama,
                     polres_kode,
                     polda_id)
     VALUES (299,
             'POLRES BULUKUMBA',
             8,
             21);

/*
2016-04-10 14:35:36.932 WITA
No database selected*/

INSERT INTO m_polres(polres_id,
                     polres_nama,
                     polres_kode,
                     polda_id)
     VALUES (301,
             'POLRESTA PARE-PARE',
             10,
             21);

/*
2016-04-10 14:35:36.937 WITA
No database selected*/

INSERT INTO m_polres(polres_id,
                     polres_nama,
                     polres_kode,
                     polda_id)
     VALUES (303,
             'POLRES SIDRAP',
             12,
             21);

/*
2016-04-10 14:35:36.941 WITA
No database selected*/

INSERT INTO m_polres(polres_id,
                     polres_nama,
                     polres_kode,
                     polda_id)
     VALUES (305,
             'POLRES MAJENE',
             14,
             21);

/*
2016-04-10 14:35:36.945 WITA
No database selected*/

INSERT INTO m_polres(polres_id,
                     polres_nama,
                     polres_kode,
                     polda_id)
     VALUES (307,
             'POLRES MAMUJU',
             16,
             21);

/*
2016-04-10 14:35:36.950 WITA
No database selected*/

INSERT INTO m_polres(polres_id,
                     polres_nama,
                     polres_kode,
                     polda_id)
     VALUES (309,
             'POLRES TANA TORAJA',
             18,
             21);

/*
2016-04-10 14:35:36.955 WITA
No database selected*/

INSERT INTO m_polres(polres_id,
                     polres_nama,
                     polres_kode,
                     polda_id)
     VALUES (311,
             'POLRES BONE',
             20,
             21);

/*
2016-04-10 14:35:36.959 WITA
No database selected*/

INSERT INTO m_polres(polres_id,
                     polres_nama,
                     polres_kode,
                     polda_id)
     VALUES (313,
             'POLRES SOPPENG',
             22,
             21);

/*
2016-04-10 14:35:36.963 WITA
No database selected*/

INSERT INTO m_polres(polres_id,
                     polres_nama,
                     polres_kode,
                     polda_id)
     VALUES (315,
             'POLRES LUWU UTARA',
             24,
             21);

/*
2016-04-10 14:35:36.968 WITA
No database selected*/

INSERT INTO m_polres(polres_id,
                     polres_nama,
                     polres_kode,
                     polda_id)
     VALUES (317,
             'POLRESTA KENDARI',
             1,
             22);

/*
2016-04-10 14:35:36.972 WITA
No database selected*/

INSERT INTO m_polres(polres_id,
                     polres_nama,
                     polres_kode,
                     polda_id)
     VALUES (319,
             'POLRES BAU-BAU',
             3,
             22);

/*
2016-04-10 14:35:36.976 WITA
No database selected*/

INSERT INTO m_polres(polres_id,
                     polres_nama,
                     polres_kode,
                     polda_id)
     VALUES (321,
             'POLRES KONAWE',
             5,
             22);

/*
2016-04-10 14:35:36.980 WITA
No database selected*/

INSERT INTO m_polres(polres_id,
                     polres_nama,
                     polres_kode,
                     polda_id)
     VALUES (323,
             'POLRES KOLUT',
             7,
             22);

/*
2016-04-10 14:35:36.985 WITA
No database selected*/

INSERT INTO m_polres(polres_id,
                     polres_nama,
                     polres_kode,
                     polda_id)
     VALUES (325,
             'POLRES MINAHASA',
             2,
             23);

/*
2016-04-10 14:35:36.989 WITA
No database selected*/

INSERT INTO m_polres(polres_id,
                     polres_nama,
                     polres_kode,
                     polda_id)
     VALUES (327,
             'POLRES BOLANG MANGONDOW',
             4,
             23);

/*
2016-04-10 14:35:36.994 WITA
No database selected*/

INSERT INTO m_polres(polres_id,
                     polres_nama,
                     polres_kode,
                     polda_id)
     VALUES (329,
             'POLRES MINSEL',
             6,
             23);

/*
2016-04-10 14:35:36.998 WITA
No database selected*/

INSERT INTO m_polres(polres_id,
                     polres_nama,
                     polres_kode,
                     polda_id)
     VALUES (331,
             'POLRESTA PALU',
             1,
             24);

/*
2016-04-10 14:35:37.003 WITA
No database selected*/

INSERT INTO m_polres(polres_id,
                     polres_nama,
                     polres_kode,
                     polda_id)
     VALUES (333,
             'POLRES POSO',
             3,
             24);

/*
2016-04-10 14:35:37.007 WITA
No database selected*/

INSERT INTO m_polres(polres_id,
                     polres_nama,
                     polres_kode,
                     polda_id)
     VALUES (335,
             'POLRES DONGGALA',
             5,
             24);

/*
2016-04-10 14:35:37.011 WITA
No database selected*/

INSERT INTO m_polres(polres_id,
                     polres_nama,
                     polres_kode,
                     polda_id)
     VALUES (337,
             'POLRES PARIMO',
             7,
             24);

/*
2016-04-10 14:35:37.015 WITA
No database selected*/

INSERT INTO m_polres(polres_id,
                     polres_nama,
                     polres_kode,
                     polda_id)
     VALUES (339,
             'POLRES MALUKU TENGGARA',
             2,
             25);

/*
2016-04-10 14:35:37.020 WITA
No database selected*/

INSERT INTO m_polres(polres_id,
                     polres_nama,
                     polres_kode,
                     polda_id)
     VALUES (341,
             'POLRES PULAU BURU',
             4,
             25);

/*
2016-04-10 14:35:37.024 WITA
No database selected*/

INSERT INTO m_polres(polres_id,
                     polres_nama,
                     polres_kode,
                     polda_id)
     VALUES (343,
             'POLRESTA JAYAPURA',
             1,
             26);

/*
2016-04-10 14:35:37.028 WITA
No database selected*/

INSERT INTO m_polres(polres_id,
                     polres_nama,
                     polres_kode,
                     polda_id)
     VALUES (345,
             'POLRES BIAK NUMFOR',
             3,
             26);

/*
2016-04-10 14:35:37.033 WITA
No database selected*/

INSERT INTO m_polres(polres_id,
                     polres_nama,
                     polres_kode,
                     polda_id)
     VALUES (347,
             'POLRES FAK-FAK',
             5,
             26);

/*
2016-04-10 14:35:37.037 WITA
No database selected*/

INSERT INTO m_polres(polres_id,
                     polres_nama,
                     polres_kode,
                     polda_id)
     VALUES (349,
             'POLRES SORONG',
             7,
             26);

/*
2016-04-10 14:35:37.042 WITA
No database selected*/

INSERT INTO m_polres(polres_id,
                     polres_nama,
                     polres_kode,
                     polda_id)
     VALUES (351,
             'POLRES YAPENWAROPEN',
             9,
             26);

/*
2016-04-10 14:35:37.046 WITA
No database selected*/

INSERT INTO m_polres(polres_id,
                     polres_nama,
                     polres_kode,
                     polda_id)
     VALUES (353,
             'POLRES JAYAPURA',
             11,
             26);

/*
2016-04-10 14:35:37.051 WITA
No database selected*/

INSERT INTO m_polres(polres_id,
                     polres_nama,
                     polres_kode,
                     polda_id)
     VALUES (355,
             'POLRES SERANG',
             1,
             27);

/*
2016-04-10 14:35:37.055 WITA
No database selected*/

INSERT INTO m_polres(polres_id,
                     polres_nama,
                     polres_kode,
                     polda_id)
     VALUES (357,
             'POLRES LEBAK',
             3,
             27);

/*
2016-04-10 14:35:37.059 WITA
No database selected*/

INSERT INTO m_polres(polres_id,
                     polres_nama,
                     polres_kode,
                     polda_id)
     VALUES (359,
             'POLRESTA PANGKAL PINANG',
             1,
             28);

/*
2016-04-10 14:35:37.063 WITA
No database selected*/

INSERT INTO m_polres(polres_id,
                     polres_nama,
                     polres_kode,
                     polda_id)
     VALUES (361,
             'POLRES BANGKA',
             3,
             28);

/*
2016-04-10 14:35:37.068 WITA
No database selected*/

INSERT INTO m_polres(polres_id,
                     polres_nama,
                     polres_kode,
                     polda_id)
     VALUES (363,
             'POLRES BANGKA BARAT',
             5,
             28);

/*
2016-04-10 14:35:37.073 WITA
No database selected*/

INSERT INTO m_polres(polres_id,
                     polres_nama,
                     polres_kode,
                     polda_id)
     VALUES (365,
             'POLRES LOMBOTO',
             2,
             29);

/*
2016-04-10 14:35:37.077 WITA
No database selected*/

INSERT INTO m_polres(polres_id,
                     polres_nama,
                     polres_kode,
                     polda_id)
     VALUES (367,
             'POLRES BOALEMO',
             4,
             29);

/*
2016-04-10 14:35:37.081 WITA
No database selected*/

INSERT INTO m_polres(polres_id,
                     polres_nama,
                     polres_kode,
                     polda_id)
     VALUES (369,
             'POLRES MALUKU UTARA',
             1,
             30);

/*
2016-04-10 14:35:37.086 WITA
No database selected*/

INSERT INTO m_polres(polres_id,
                     polres_nama,
                     polres_kode,
                     polda_id)
     VALUES (371,
             'POLRES HALMAHERA UTARA',
             3,
             30);

/*
2016-04-10 14:35:37.090 WITA
No database selected*/

INSERT INTO m_polres(polres_id,
                     polres_nama,
                     polres_kode,
                     polda_id)
     VALUES (373,
             'POLRES TANJUNG PINANG',
             1,
             31);

/*
2016-04-10 14:35:37.094 WITA
No database selected*/

INSERT INTO m_polres(polres_id,
                     polres_nama,
                     polres_kode,
                     polda_id)
     VALUES (375,
             'POLRES KARIMUN',
             3,
             31);

/*
2016-04-10 14:35:37.098 WITA
No database selected*/

INSERT INTO m_polres(polres_id,
                     polres_nama,
                     polres_kode,
                     polda_id)
     VALUES (377,
             'POLRES KEPULAUAN KEPRI',
             5,
             31);

/*
2016-04-10 14:35:37.103 WITA
No database selected*/

INSERT INTO m_polres(polres_id,
                     polres_nama,
                     polres_kode,
                     polda_id)
     VALUES (380,
             'POLRES MAMASA',
             26,
             21);

/*
2016-04-10 14:35:37.107 WITA
No database selected*/

INSERT INTO m_polres(polres_id,
                     polres_nama,
                     polres_kode,
                     polda_id)
     VALUES (382,
             'POLRES PALOPO',
             28,
             21);

